<?xml version="1.0" encoding="UTF-8"?>
<!-- Generated by org.testng.reporters.JUnitXMLReporter -->
<testsuite ignored="1" hostname="IN-6ZNN6S3" failures="0" tests="1" name="Default test" time="7.571" errors="0" timestamp="2024-06-14T13:02:00 IST">
  <testcase classname="flipkartAutomate.testFiles.CategoryDropdownTest" name="testProductFromCategory" time="1.828"/>
  <testcase classname="flipkartAutomate.testFiles.CategoryDropdownTest" name="testCategory" time="0.0">
    <ignored/>
  </testcase> <!-- testCategory -->
</testsuite> <!-- Default test -->
