<?xml version="1.0" encoding="UTF-8" ?>
<testsuite tests="20" failures="0" name="TestSuite" time="125.954" errors="0" skipped="0">
  <properties>
[...]
</properties>
  <testcase classname="flipkartAutomate.testFiles.AddToCartTest" name="testAddToCart" time="8.966"/>
  <testcase classname="flipkartAutomate.testFiles.CartLoginTest" name="testCartLogin" time="1.286"/>
  <testcase classname="flipkartAutomate.testFiles.CategoryDropdownTest" name="testCategory" time="5.572"/>
  <testcase classname="flipkartAutomate.testFiles.CategoryDropdownTest" name="testProductFromCategory" time="2.094"/>
  <testcase classname="flipkartAutomate.testFiles.DownloadOptionTest" name="testAndroidDownloadOption" time="1.444"/>
  <testcase classname="flipkartAutomate.testFiles.DownloadOptionTest" name="testIosDownloadOption" time="1.137"/>
  <testcase classname="flipkartAutomate.testFiles.FlipkartAdvertiseTest" name="testAdvertise" time="5.052"/>
  <testcase classname="flipkartAutomate.testFiles.ForgetPasswordTest" name="testForgetPassword" time="10.543"/>
  <testcase classname="flipkartAutomate.testFiles.HelplineFunctionalityTest" name="testHelplineFeature" time="5.174"/>
  <testcase classname="flipkartAutomate.testFiles.HelplineFunctionalityTest" name="testHelplineDisagreeFeature" time="1.823"/>
  <testcase classname="flipkartAutomate.testFiles.LoginTest" name="testInvalidLogin" time="3.974"/>
  <testcase classname="flipkartAutomate.testFiles.PincodeTest" name="testPincode" time="3.916"/>
  <testcase classname="flipkartAutomate.testFiles.PincodeTest" name="testIncorrectPincode" time="3.129"/>
  <testcase classname="flipkartAutomate.testFiles.ProductDetailTest" name="testProductDetails" time="8.132"/>
  <testcase classname="flipkartAutomate.testFiles.ProductSearchTest" name="testSearchData" time="4.205"/>
  <testcase classname="flipkartAutomate.testFiles.ProductSearchTest" name="testInvalidSearchData" time="4.349"/>
  <testcase classname="flipkartAutomate.testFiles.RegisterSellerTest" name="testSellerRegistration" time="10.502"/>
  <testcase classname="flipkartAutomate.testFiles.RemoveFromCartTest" name="testRemoveFromCart" time="11.737"/>
  <testcase classname="flipkartAutomate.testFiles.SellerTest" name="testSellerFunctionality" time="10.419"/>
  <testcase classname="flipkartAutomate.testFiles.SignUpTest" name="testSignUp" time="22.5"/>
</testsuite>