<?xml version="1.0" encoding="UTF-8"?>
<testng-results ignored="0" total="1" passed="1" failed="0" skipped="0">
  <reporter-output>
  </reporter-output>
  <suite started-at="2024-06-14T13:01:53 IST" name="Default suite" finished-at="2024-06-14T13:02:00 IST" duration-ms="7571">
    <groups>
    </groups>
    <test started-at="2024-06-14T13:01:53 IST" name="Default test" finished-at="2024-06-14T13:02:00 IST" duration-ms="7571">
      <class name="flipkartAutomate.testFiles.CategoryDropdownTest">
        <test-method is-config="true" signature="beforesuite()[pri:0, instance:flipkartAutomate.testFiles.CategoryDropdownTest@53e211ee]" started-at="2024-06-14T13:01:52 IST" name="beforesuite" finished-at="2024-06-14T13:01:53 IST" duration-ms="559" status="PASS">
          <reporter-output>
          </reporter-output>
        </test-method> <!-- beforesuite -->
        <test-method is-config="true" signature="setup(java.lang.reflect.Method)[pri:0, instance:flipkartAutomate.testFiles.CategoryDropdownTest@53e211ee]" started-at="2024-06-14T13:01:53 IST" name="setup" finished-at="2024-06-14T13:01:57 IST" duration-ms="4526" status="PASS">
          <params>
            <param index="0">
              <value>
                <![CDATA[public void flipkartAutomate.testFiles.CategoryDropdownTest.testProductFromCategory()]]>
              </value>
            </param>
          </params>
          <reporter-output>
          </reporter-output>
        </test-method> <!-- setup -->
        <test-method signature="testProductFromCategory()[pri:2, instance:flipkartAutomate.testFiles.CategoryDropdownTest@53e211ee]" started-at="2024-06-14T13:01:57 IST" name="testProductFromCategory" finished-at="2024-06-14T13:01:59 IST" duration-ms="1828" status="PASS">
          <reporter-output>
          </reporter-output>
        </test-method> <!-- testProductFromCategory -->
        <test-method is-config="true" signature="teardown(org.testng.ITestResult)[pri:0, instance:flipkartAutomate.testFiles.CategoryDropdownTest@53e211ee]" started-at="2024-06-14T13:01:59 IST" name="teardown" finished-at="2024-06-14T13:02:00 IST" duration-ms="1183" status="PASS">
          <params>
            <param index="0">
              <value>
                <![CDATA[[TestResult name=testProductFromCategory status=SUCCESS method=CategoryDropdownTest.testProductFromCategory()[pri:2, instance:flipkartAutomate.testFiles.CategoryDropdownTest@53e211ee] output={null}]]]>
              </value>
            </param>
          </params>
          <reporter-output>
          </reporter-output>
        </test-method> <!-- teardown -->
      </class> <!-- flipkartAutomate.testFiles.CategoryDropdownTest -->
    </test> <!-- Default test -->
  </suite> <!-- Default suite -->
</testng-results>
